<?xml version="1.0" encoding="UTF-8"?>
<testsuite xmlns:xsi="http://www.w3.org/2001/XMLSchema-instance" xsi:noNamespaceSchemaLocation="https://maven.apache.org/surefire/maven-surefire-plugin/xsd/surefire-test-report-3.0.xsd" version="3.0" name="com.chatApplication.api_gateway.config.GatewayRoutesConfigTest" time="3.751" tests="2" errors="0" skipped="0" failures="0">
  <properties>
[...]
</properties>
  <testcase name="routes_shouldBeConfigured" classname="com.chatApplication.api_gateway.config.GatewayRoutesConfigTest" time="0.091">
    <system-out><![CDATA[2026-09-06T23:12:20.870+05:30  INFO 21960 --- [api-gateway-test] [           main] t.c.s.AnnotationConfigContextLoaderUtils : Could not detect default configuration classes for test class [com.chatApplication.api_gateway.config.GatewayRoutesConfigTest]: GatewayRoutesConfigTest does not declare any static, non-private, non-final, nested classes annotated with @Configuration.
2026-09-06T23:12:20.950+05:30  INFO 21960 --- [api-gateway-test] [           main] .b.t.c.SpringBootTestContextBootstrapper : Found @SpringBootConfiguration com.chatApplication.api_gateway.ApiGatewayApplication for test class com.chatApplication.api_gateway.config.GatewayRoutesConfigTest

  .   ____          _            __ _ _
 /\\ / ___'_ __ _ _(_)_ __  __ _ \ \ \ \
( ( )\___ | '_ | '_| | '_ \/ _` | \ \ \ \
 \\/  ___)| |_)| | | | | || (_| |  ) ) ) )
  '  |____| .__|_| |_|_| |_\__, | / / / /
 =========|_|==============|___/=/_/_/_/
 :: Spring Boot ::                (v3.2.5)

2026-09-06T23:12:21.551+05:30  INFO 21960 --- [api-gateway-test] [           main] c.c.a.config.GatewayRoutesConfigTest     : Starting GatewayRoutesConfigTest using Java 17.0.18 with PID 21960 (started by LENOVO in F:\Projects\Real-time-Chat-Application\chat-application-backend\microservices\api-gateway\api-gateway)
2026-09-06T23:12:21.552+05:30  INFO 21960 --- [api-gateway-test] [           main] c.c.a.config.GatewayRoutesConfigTest     : The following 1 profile is active: "test"
2026-09-06T23:12:22.552+05:30  INFO 21960 --- [api-gateway-test] [           main] o.s.cloud.context.scope.GenericScope     : BeanFactory id=6d4047c6-4251-3c82-bfad-2a4a5d76063f
2026-09-06T23:12:23.096+05:30 DEBUG 21960 --- [api-gateway-test] [           main] o.s.c.gateway.config.GatewayProperties   : Routes supplied from Gateway Properties: [RouteDefinition{id='auth-service', predicates=[PredicateDefinition{name='Path', args={_genkey_0=/api/auth/**}}], filters=[FilterDefinition{name='StripPrefix', args={_genkey_0=0}}], uri=http://localhost:8081, order=0, metadata={}}, RouteDefinition{id='user-service', predicates=[PredicateDefinition{name='Path', args={_genkey_0=/api/users/**}}], filters=[FilterDefinition{name='StripPrefix', args={_genkey_0=0}}], uri=http://localhost:8082, order=0, metadata={}}, RouteDefinition{id='chat-service', predicates=[PredicateDefinition{name='Path', args={_genkey_0=/api/chats/**}}], filters=[FilterDefinition{name='StripPrefix', args={_genkey_0=0}}], uri=http://localhost:8083, order=0, metadata={}}, RouteDefinition{id='message-service', predicates=[PredicateDefinition{name='Path', args={_genkey_0=/api/messages/**}}], filters=[FilterDefinition{name='StripPrefix', args={_genkey_0=0}}], uri=http://localhost:8084, order=0, metadata={}}, RouteDefinition{id='notification-service', predicates=[PredicateDefinition{name='Path', args={_genkey_0=/api/notifications/**}}], filters=[FilterDefinition{name='StripPrefix', args={_genkey_0=0}}], uri=http://localhost:8085, order=0, metadata={}}, RouteDefinition{id='group-chat', predicates=[PredicateDefinition{name='Path', args={_genkey_0=/api/groups/**}}], filters=[FilterDefinition{name='StripPrefix', args={_genkey_0=0}}], uri=http://localhost:8086, order=0, metadata={}}]
2026-09-06T23:12:23.156+05:30  INFO 21960 --- [api-gateway-test] [           main] o.s.c.g.r.RouteDefinitionRouteLocator    : Loaded RoutePredicateFactory [After]
2026-09-06T23:12:23.157+05:30  INFO 21960 --- [api-gateway-test] [           main] o.s.c.g.r.RouteDefinitionRouteLocator    : Loaded RoutePredicateFactory [Before]
2026-09-06T23:12:23.157+05:30  INFO 21960 --- [api-gateway-test] [           main] o.s.c.g.r.RouteDefinitionRouteLocator    : Loaded RoutePredicateFactory [Between]
2026-09-06T23:12:23.157+05:30  INFO 21960 --- [api-gateway-test] [           main] o.s.c.g.r.RouteDefinitionRouteLocator    : Loaded RoutePredicateFactory [Cookie]
2026-09-06T23:12:23.157+05:30  INFO 21960 --- [api-gateway-test] [           main] o.s.c.g.r.RouteDefinitionRouteLocator    : Loaded RoutePredicateFactory [Header]
2026-09-06T23:12:23.157+05:30  INFO 21960 --- [api-gateway-test] [           main] o.s.c.g.r.RouteDefinitionRouteLocator    : Loaded RoutePredicateFactory [Host]
2026-09-06T23:12:23.158+05:30  INFO 21960 --- [api-gateway-test] [           main] o.s.c.g.r.RouteDefinitionRouteLocator    : Loaded RoutePredicateFactory [Method]
2026-09-06T23:12:23.158+05:30  INFO 21960 --- [api-gateway-test] [           main] o.s.c.g.r.RouteDefinitionRouteLocator    : Loaded RoutePredicateFactory [Path]
2026-09-06T23:12:23.158+05:30  INFO 21960 --- [api-gateway-test] [           main] o.s.c.g.r.RouteDefinitionRouteLocator    : Loaded RoutePredicateFactory [Query]
2026-09-06T23:12:23.158+05:30  INFO 21960 --- [api-gateway-test] [           main] o.s.c.g.r.RouteDefinitionRouteLocator    : Loaded RoutePredicateFactory [ReadBody]
2026-09-06T23:12:23.159+05:30  INFO 21960 --- [api-gateway-test] [           main] o.s.c.g.r.RouteDefinitionRouteLocator    : Loaded RoutePredicateFactory [RemoteAddr]
2026-09-06T23:12:23.159+05:30  INFO 21960 --- [api-gateway-test] [           main] o.s.c.g.r.RouteDefinitionRouteLocator    : Loaded RoutePredicateFactory [XForwardedRemoteAddr]
2026-09-06T23:12:23.159+05:30  INFO 21960 --- [api-gateway-test] [           main] o.s.c.g.r.RouteDefinitionRouteLocator    : Loaded RoutePredicateFactory [Weight]
2026-09-06T23:12:23.159+05:30  INFO 21960 --- [api-gateway-test] [           main] o.s.c.g.r.RouteDefinitionRouteLocator    : Loaded RoutePredicateFactory [CloudFoundryRouteService]
2026-09-06T23:12:23.491+05:30  INFO 21960 --- [api-gateway-test] [           main] o.s.b.a.e.web.EndpointLinksResolver      : Exposing 2 endpoint(s) beneath base path '/actuator'
2026-09-06T23:12:23.748+05:30 DEBUG 21960 --- [api-gateway-test] [           main] o.s.c.g.r.RouteDefinitionRouteLocator    : RouteDefinition auth-service applying {_genkey_0=/api/auth/**} to Path
2026-09-06T23:12:23.769+05:30 DEBUG 21960 --- [api-gateway-test] [           main] o.s.c.g.r.RouteDefinitionRouteLocator    : RouteDefinition auth-service applying filter {_genkey_0=Access-Control-Allow-Origin Access-Control-Allow-Credentials, _genkey_1=RETAIN_UNIQUE} to DedupeResponseHeader
2026-09-06T23:12:23.783+05:30 DEBUG 21960 --- [api-gateway-test] [           main] o.s.c.g.r.RouteDefinitionRouteLocator    : RouteDefinition auth-service applying filter {_genkey_0=0} to StripPrefix
2026-09-06T23:12:23.788+05:30 DEBUG 21960 --- [api-gateway-test] [           main] o.s.c.g.r.RouteDefinitionRouteLocator    : RouteDefinition matched: auth-service
2026-09-06T23:12:23.788+05:30 DEBUG 21960 --- [api-gateway-test] [           main] o.s.c.g.r.RouteDefinitionRouteLocator    : RouteDefinition user-service applying {_genkey_0=/api/users/**} to Path
2026-09-06T23:12:23.790+05:30 DEBUG 21960 --- [api-gateway-test] [           main] o.s.c.g.r.RouteDefinitionRouteLocator    : RouteDefinition user-service applying filter {_genkey_0=Access-Control-Allow-Origin Access-Control-Allow-Credentials, _genkey_1=RETAIN_UNIQUE} to DedupeResponseHeader
2026-09-06T23:12:23.794+05:30 DEBUG 21960 --- [api-gateway-test] [           main] o.s.c.g.r.RouteDefinitionRouteLocator    : RouteDefinition user-service applying filter {_genkey_0=0} to StripPrefix
2026-09-06T23:12:23.797+05:30 DEBUG 21960 --- [api-gateway-test] [           main] o.s.c.g.r.RouteDefinitionRouteLocator    : RouteDefinition matched: user-service
2026-09-06T23:12:23.797+05:30 DEBUG 21960 --- [api-gateway-test] [           main] o.s.c.g.r.RouteDefinitionRouteLocator    : RouteDefinition chat-service applying {_genkey_0=/api/chats/**} to Path
2026-09-06T23:12:23.800+05:30 DEBUG 21960 --- [api-gateway-test] [           main] o.s.c.g.r.RouteDefinitionRouteLocator    : RouteDefinition chat-service applying filter {_genkey_0=Access-Control-Allow-Origin Access-Control-Allow-Credentials, _genkey_1=RETAIN_UNIQUE} to DedupeResponseHeader
2026-09-06T23:12:23.803+05:30 DEBUG 21960 --- [api-gateway-test] [           main] o.s.c.g.r.RouteDefinitionRouteLocator    : RouteDefinition chat-service applying filter {_genkey_0=0} to StripPrefix
2026-09-06T23:12:23.806+05:30 DEBUG 21960 --- [api-gateway-test] [           main] o.s.c.g.r.RouteDefinitionRouteLocator    : RouteDefinition matched: chat-service
2026-09-06T23:12:23.806+05:30 DEBUG 21960 --- [api-gateway-test] [           main] o.s.c.g.r.RouteDefinitionRouteLocator    : RouteDefinition message-service applying {_genkey_0=/api/messages/**} to Path
2026-09-06T23:12:23.810+05:30 DEBUG 21960 --- [api-gateway-test] [           main] o.s.c.g.r.RouteDefinitionRouteLocator    : RouteDefinition message-service applying filter {_genkey_0=Access-Control-Allow-Origin Access-Control-Allow-Credentials, _genkey_1=RETAIN_UNIQUE} to DedupeResponseHeader
2026-09-06T23:12:23.813+05:30 DEBUG 21960 --- [api-gateway-test] [           main] o.s.c.g.r.RouteDefinitionRouteLocator    : RouteDefinition message-service applying filter {_genkey_0=0} to StripPrefix
2026-09-06T23:12:23.815+05:30 DEBUG 21960 --- [api-gateway-test] [           main] o.s.c.g.r.RouteDefinitionRouteLocator    : RouteDefinition matched: message-service
2026-09-06T23:12:23.815+05:30 DEBUG 21960 --- [api-gateway-test] [           main] o.s.c.g.r.RouteDefinitionRouteLocator    : RouteDefinition notification-service applying {_genkey_0=/api/notifications/**} to Path
2026-09-06T23:12:23.818+05:30 DEBUG 21960 --- [api-gateway-test] [           main] o.s.c.g.r.RouteDefinitionRouteLocator    : RouteDefinition notification-service applying filter {_genkey_0=Access-Control-Allow-Origin Access-Control-Allow-Credentials, _genkey_1=RETAIN_UNIQUE} to DedupeResponseHeader
2026-09-06T23:12:23.820+05:30 DEBUG 21960 --- [api-gateway-test] [           main] o.s.c.g.r.RouteDefinitionRouteLocator    : RouteDefinition notification-service applying filter {_genkey_0=0} to StripPrefix
2026-09-06T23:12:23.823+05:30 DEBUG 21960 --- [api-gateway-test] [           main] o.s.c.g.r.RouteDefinitionRouteLocator    : RouteDefinition matched: notification-service
2026-09-06T23:12:23.824+05:30 DEBUG 21960 --- [api-gateway-test] [           main] o.s.c.g.r.RouteDefinitionRouteLocator    : RouteDefinition group-chat applying {_genkey_0=/api/groups/**} to Path
2026-09-06T23:12:23.826+05:30 DEBUG 21960 --- [api-gateway-test] [           main] o.s.c.g.r.RouteDefinitionRouteLocator    : RouteDefinition group-chat applying filter {_genkey_0=Access-Control-Allow-Origin Access-Control-Allow-Credentials, _genkey_1=RETAIN_UNIQUE} to DedupeResponseHeader
2026-09-06T23:12:23.828+05:30 DEBUG 21960 --- [api-gateway-test] [           main] o.s.c.g.r.RouteDefinitionRouteLocator    : RouteDefinition group-chat applying filter {_genkey_0=0} to StripPrefix
2026-09-06T23:12:23.830+05:30 DEBUG 21960 --- [api-gateway-test] [           main] o.s.c.g.r.RouteDefinitionRouteLocator    : RouteDefinition matched: group-chat
2026-09-06T23:12:23.832+05:30 DEBUG 21960 --- [api-gateway-test] [           main] o.s.c.g.filter.GatewayMetricsFilter      : New routes count: 6
2026-09-06T23:12:23.833+05:30  INFO 21960 --- [api-gateway-test] [           main] c.c.a.config.GatewayRoutesConfigTest     : Started GatewayRoutesConfigTest in 2.865 seconds (process running for 26.454)
]]></system-out>
  </testcase>
  <testcase name="actuatorEndpoint_shouldBePermitted" classname="com.chatApplication.api_gateway.config.GatewayRoutesConfigTest" time="0.675"/>
</testsuite>