<?xml version="1.0" encoding="UTF-8"?>
<testsuite xmlns:xsi="http://www.w3.org/2001/XMLSchema-instance" xsi:noNamespaceSchemaLocation="https://maven.apache.org/surefire/maven-surefire-plugin/xsd/surefire-test-report-3.0.xsd" version="3.0" name="com.chatApplication.api_gateway.filter.JwtAuthenticationFilterTest" time="1.328" tests="6" errors="0" skipped="0" failures="0">
  <properties>
[...]
</properties>
  <testcase name="filter_withMissingAuthHeader_shouldReturn401" classname="com.chatApplication.api_gateway.filter.JwtAuthenticationFilterTest" time="0.64"/>
  <testcase name="filter_withValidToken_shouldPropagateHeaders" classname="com.chatApplication.api_gateway.filter.JwtAuthenticationFilterTest" time="0.638"/>
  <testcase name="filter_withExcludedPath_shouldSkipAuth" classname="com.chatApplication.api_gateway.filter.JwtAuthenticationFilterTest" time="0.009"/>
  <testcase name="filter_withInvalidToken_shouldReturn401" classname="com.chatApplication.api_gateway.filter.JwtAuthenticationFilterTest" time="0.008"/>
  <testcase name="filter_withWebSocketPath_shouldSkipAuth" classname="com.chatApplication.api_gateway.filter.JwtAuthenticationFilterTest" time="0.007"/>
  <testcase name="filter_withActuatorPath_shouldSkipAuth" classname="com.chatApplication.api_gateway.filter.JwtAuthenticationFilterTest" time="0.008"/>
</testsuite>